2025/07/03 20:54:55.184 INFO jsonstring={
  "cpp_mode": "asset_rpc_cpp",
  "cpp_asset_name": "UnityAsset",
  "core_ipaddr": null,
  "core_portno": 0,
  "asset_timeout": 3,
  "sim_time_sync": null,
  "SymTimeMeasureFilePath": null,
  "inside_assets_path": "./inside_assets.json",
  "inside_assets": null,
  "outside_assets_path": null,
  "outside_assets": null,
  "pdu_writers_path": "./pdu_writers.json",
  "pdu_writers": null,
  "pdu_readers_path": "./pdu_readers.json",
  "pdu_readers": null,
  "ros_topics_path": "./RosTopics.json",
  "ros_topics": null,
  "pdu_configs_parent_path": "./ros_types/json/",
  "pdu_configs_path": "./pdu_configs.json",
  "pdu_configs": null,
  "shm_methods_path": "./shm_methods.json",
  "shm_methods": null,
  "pdu_bin_offset_package_dir": "./ros_types/offset",
  "asset_ipaddr": null,
  "pdu_udp_portno_asset": 0,
  "rpc_methods_path": "./rpc_methods.json",
  "rpc_methods": null,
  "reader_connectors_path": "./reader_connector.json",
  "reader_connectors": null,
  "writer_connectors_path": "./writer_connector.json",
  "writer_connectors": null,
  "pdu_channel_connectors_path": "./pdu_channel_connector.json",
  "pdu_channel_connectors": null,
  "param_world_config_path": null,
  "param_world_config": null
}
2025/07/03 20:54:55.193 INFO jsonstring=[
  {
    "pdu_type_name": "geometry_msgs/Pose",
    "fields": null,
    "pdu_data_field_path": "./ros_types/json/geometry_msgs/Pose.json"
  },
  {
    "pdu_type_name": "Pose",
    "fields": null,
    "pdu_data_field_path": "./ros_types/json/geometry_msgs/Pose.json"
  },
  {
    "pdu_type_name": "std_msgs/Bool",
    "fields": null,
    "pdu_data_field_path": "./ros_types/json/std_msgs/Bool.json"
  },
  {
    "pdu_type_name": "Bool",
    "fields": null,
    "pdu_data_field_path": "./ros_types/json/std_msgs/Bool.json"
  },
  {
    "pdu_type_name": "geometry_msgs/Twist",
    "fields": null,
    "pdu_data_field_path": "./ros_types/json/geometry_msgs/Twist.json"
  },
  {
    "pdu_type_name": "Twist",
    "fields": null,
    "pdu_data_field_path": "./ros_types/json/geometry_msgs/Twist.json"
  },
  {
    "pdu_type_name": "time",
    "fields": null,
    "pdu_data_field_path": "./ros_types/json/builtin_interfaces/Time.json"
  },
  {
    "pdu_type_name": "HakoniwaSimTime",
    "fields": null,
    "pdu_data_field_path": "./HakoniwaSimTime.json"
  }
]
2025/07/03 20:54:55.197 DEBUG LoadPduConfig(): pdu_type_name=geometry_msgs/Pose
2025/07/03 20:54:55.197 DEBUG LoadPduConfig(): pdu_type_name=Pose
2025/07/03 20:54:55.198 DEBUG LoadPduConfig(): pdu_type_name=std_msgs/Bool
2025/07/03 20:54:55.198 DEBUG LoadPduConfig(): pdu_type_name=Bool
2025/07/03 20:54:55.198 DEBUG LoadPduConfig(): pdu_type_name=geometry_msgs/Twist
2025/07/03 20:54:55.198 DEBUG LoadPduConfig(): pdu_type_name=Twist
2025/07/03 20:54:55.199 DEBUG LoadPduConfig(): pdu_type_name=time
2025/07/03 20:54:55.199 DEBUG LoadPduConfig(): pdu_type_name=HakoniwaSimTime
2025/07/03 20:54:55.204 INFO SERVER MODE
2025/07/03 20:54:55.208 INFO jsonstring=[
  {
    "name": "SampleRobot_cmd_velPdu",
    "class_name": "Hakoniwa.PluggableAsset.Communication.Pdu.Raw.RawPduWriter",
    "conv_class_name": "Hakoniwa.PluggableAsset.Communication.Pdu.Raw.RawPduWriterConverter",
    "path": null,
    "conv_path": null,
    "pdu_config_name": "geometry_msgs/Twist",
    "topic_message_name": null
  }
]
2025/07/03 20:54:55.208 DEBUG LoadPduWriters(): filepath=./pdu_writers.json
2025/07/03 20:54:55.208 DEBUG LoadPduWriters(): pdu_writers=Hakoniwa.PluggableAsset.PduWriterConfig[]
2025/07/03 20:54:55.208 DEBUG LoadPduWriters(): topic_message_name=geometry_msgs/Twist
2025/07/03 20:54:55.210 DEBUG SetPdu(): BEFORE: package_name = not stacked: geometry_msgs/Twist
2025/07/03 20:54:55.211 DEBUG SetPdu(): arg_pdu_type_name = geometry_msgs/Twist
2025/07/03 20:54:55.211 DEBUG SetPdu(): AFTER: package_name = geometry_msgs
2025/07/03 20:54:55.211 DEBUG STRUCT:linear type=Vector3
2025/07/03 20:54:55.211 DEBUG SetPdu(): BEFORE: package_name = geometry_msgs
2025/07/03 20:54:55.211 DEBUG SetPdu(): arg_pdu_type_name = Vector3
2025/07/03 20:54:55.211 DEBUG SetPdu(): AFTER: package_name = geometry_msgs
2025/07/03 20:54:55.212 DEBUG PRIMITIVE:x type=float64
2025/07/03 20:54:55.213 DEBUG PRIMITIVE:y type=float64
2025/07/03 20:54:55.213 DEBUG PRIMITIVE:z type=float64
2025/07/03 20:54:55.213 DEBUG STRUCT:angular type=Vector3
2025/07/03 20:54:55.213 DEBUG SetPdu(): BEFORE: package_name = geometry_msgs
2025/07/03 20:54:55.213 DEBUG SetPdu(): arg_pdu_type_name = Vector3
2025/07/03 20:54:55.213 DEBUG SetPdu(): AFTER: package_name = geometry_msgs
2025/07/03 20:54:55.213 DEBUG PRIMITIVE:x type=float64
2025/07/03 20:54:55.213 DEBUG PRIMITIVE:y type=float64
2025/07/03 20:54:55.213 DEBUG PRIMITIVE:z type=float64
2025/07/03 20:54:55.213 INFO path= class_name=Hakoniwa.PluggableAsset.Communication.Pdu.Raw.RawPduWriter
2025/07/03 20:54:55.214 INFO typeinfo=Hakoniwa.PluggableAsset.Communication.Pdu.Raw.RawPduWriter
2025/07/03 20:54:55.214 INFO load typeinfoHakoniwa.PluggableAsset.Communication.Pdu.Raw.RawPduWriter
2025/07/03 20:54:55.214 INFO pdu writer loaded:Hakoniwa.PluggableAsset.Communication.Pdu.Raw.RawPduWriter
2025/07/03 20:54:55.214 INFO path= class_name=Hakoniwa.PluggableAsset.Communication.Pdu.Raw.RawPduWriterConverter
2025/07/03 20:54:55.214 INFO typeinfo=Hakoniwa.PluggableAsset.Communication.Pdu.Raw.RawPduWriterConverter
2025/07/03 20:54:55.214 INFO load typeinfoHakoniwa.PluggableAsset.Communication.Pdu.Raw.RawPduWriterConverter
2025/07/03 20:54:55.214 INFO activate class_name=Hakoniwa.PluggableAsset.Communication.Pdu.Raw.RawPduWriterConverter
2025/07/03 20:54:55.214 DEBUG pdu_writer: SampleRobot_cmd_velPdu
2025/07/03 20:54:55.217 INFO jsonstring=[
  {
    "name": "Camera_pose_dataPdu",
    "class_name": "Hakoniwa.PluggableAsset.Communication.Pdu.Raw.RawPduReader",
    "conv_class_name": "Hakoniwa.PluggableAsset.Communication.Pdu.Raw.RawPduReaderConverter",
    "path": null,
    "conv_path": null,
    "pdu_config_name": "geometry_msgs/Pose",
    "topic_message_name": null
  },
  {
    "name": "ButtonA_button_sensorPdu",
    "class_name": "Hakoniwa.PluggableAsset.Communication.Pdu.Raw.RawPduReader",
    "conv_class_name": "Hakoniwa.PluggableAsset.Communication.Pdu.Raw.RawPduReaderConverter",
    "path": null,
    "conv_path": null,
    "pdu_config_name": "std_msgs/Bool",
    "topic_message_name": null
  },
  {
    "name": "ButtonB_button_sensorPdu",
    "class_name": "Hakoniwa.PluggableAsset.Communication.Pdu.Raw.RawPduReader",
    "conv_class_name": "Hakoniwa.PluggableAsset.Communication.Pdu.Raw.RawPduReaderConverter",
    "path": null,
    "conv_path": null,
    "pdu_config_name": "std_msgs/Bool",
    "topic_message_name": null
  }
]
2025/07/03 20:54:55.218 DEBUG SetPdu(): BEFORE: package_name = not stacked: geometry_msgs/Pose
2025/07/03 20:54:55.218 DEBUG SetPdu(): arg_pdu_type_name = geometry_msgs/Pose
2025/07/03 20:54:55.218 DEBUG SetPdu(): AFTER: package_name = geometry_msgs
2025/07/03 20:54:55.218 DEBUG STRUCT:position type=Point
2025/07/03 20:54:55.218 DEBUG SetPdu(): BEFORE: package_name = geometry_msgs
2025/07/03 20:54:55.218 DEBUG SetPdu(): arg_pdu_type_name = Point
2025/07/03 20:54:55.218 DEBUG SetPdu(): AFTER: package_name = geometry_msgs
2025/07/03 20:54:55.218 DEBUG PRIMITIVE:x type=float64
2025/07/03 20:54:55.218 DEBUG PRIMITIVE:y type=float64
2025/07/03 20:54:55.218 DEBUG PRIMITIVE:z type=float64
2025/07/03 20:54:55.218 DEBUG STRUCT:orientation type=Quaternion
2025/07/03 20:54:55.218 DEBUG SetPdu(): BEFORE: package_name = geometry_msgs
2025/07/03 20:54:55.218 DEBUG SetPdu(): arg_pdu_type_name = Quaternion
2025/07/03 20:54:55.218 DEBUG SetPdu(): AFTER: package_name = geometry_msgs
2025/07/03 20:54:55.218 DEBUG PRIMITIVE:x type=float64
2025/07/03 20:54:55.218 DEBUG PRIMITIVE:y type=float64
2025/07/03 20:54:55.218 DEBUG PRIMITIVE:z type=float64
2025/07/03 20:54:55.218 DEBUG PRIMITIVE:w type=float64
2025/07/03 20:54:55.219 INFO path= class_name=Hakoniwa.PluggableAsset.Communication.Pdu.Raw.RawPduReader
2025/07/03 20:54:55.219 INFO typeinfo=Hakoniwa.PluggableAsset.Communication.Pdu.Raw.RawPduReader
2025/07/03 20:54:55.219 INFO load typeinfoHakoniwa.PluggableAsset.Communication.Pdu.Raw.RawPduReader
2025/07/03 20:54:55.219 INFO pdu writer loaded:Hakoniwa.PluggableAsset.Communication.Pdu.Raw.RawPduReader
2025/07/03 20:54:55.219 INFO path= class_name=Hakoniwa.PluggableAsset.Communication.Pdu.Raw.RawPduReaderConverter
2025/07/03 20:54:55.219 INFO typeinfo=Hakoniwa.PluggableAsset.Communication.Pdu.Raw.RawPduReaderConverter
2025/07/03 20:54:55.219 INFO load typeinfoHakoniwa.PluggableAsset.Communication.Pdu.Raw.RawPduReaderConverter
2025/07/03 20:54:55.219 INFO activate class_name=Hakoniwa.PluggableAsset.Communication.Pdu.Raw.RawPduReaderConverter
2025/07/03 20:54:55.219 INFO pdu reader name = Camera_pose_dataPdu
2025/07/03 20:54:55.219 DEBUG SetPdu(): BEFORE: package_name = not stacked: std_msgs/Bool
2025/07/03 20:54:55.219 DEBUG SetPdu(): arg_pdu_type_name = std_msgs/Bool
2025/07/03 20:54:55.219 DEBUG SetPdu(): AFTER: package_name = std_msgs
2025/07/03 20:54:55.219 DEBUG PRIMITIVE:data type=bool
2025/07/03 20:54:55.220 INFO path= class_name=Hakoniwa.PluggableAsset.Communication.Pdu.Raw.RawPduReader
2025/07/03 20:54:55.220 INFO typeinfo=Hakoniwa.PluggableAsset.Communication.Pdu.Raw.RawPduReader
2025/07/03 20:54:55.220 INFO load typeinfoHakoniwa.PluggableAsset.Communication.Pdu.Raw.RawPduReader
2025/07/03 20:54:55.221 INFO pdu writer loaded:Hakoniwa.PluggableAsset.Communication.Pdu.Raw.RawPduReader
2025/07/03 20:54:55.221 INFO path= class_name=Hakoniwa.PluggableAsset.Communication.Pdu.Raw.RawPduReaderConverter
2025/07/03 20:54:55.221 INFO typeinfo=Hakoniwa.PluggableAsset.Communication.Pdu.Raw.RawPduReaderConverter
2025/07/03 20:54:55.221 INFO load typeinfoHakoniwa.PluggableAsset.Communication.Pdu.Raw.RawPduReaderConverter
2025/07/03 20:54:55.221 INFO activate class_name=Hakoniwa.PluggableAsset.Communication.Pdu.Raw.RawPduReaderConverter
2025/07/03 20:54:55.221 INFO pdu reader name = ButtonA_button_sensorPdu
2025/07/03 20:54:55.221 DEBUG SetPdu(): BEFORE: package_name = not stacked: std_msgs/Bool
2025/07/03 20:54:55.221 DEBUG SetPdu(): arg_pdu_type_name = std_msgs/Bool
2025/07/03 20:54:55.221 DEBUG SetPdu(): AFTER: package_name = std_msgs
2025/07/03 20:54:55.221 DEBUG PRIMITIVE:data type=bool
2025/07/03 20:54:55.221 INFO path= class_name=Hakoniwa.PluggableAsset.Communication.Pdu.Raw.RawPduReader
2025/07/03 20:54:55.221 INFO typeinfo=Hakoniwa.PluggableAsset.Communication.Pdu.Raw.RawPduReader
2025/07/03 20:54:55.221 INFO load typeinfoHakoniwa.PluggableAsset.Communication.Pdu.Raw.RawPduReader
2025/07/03 20:54:55.221 INFO pdu writer loaded:Hakoniwa.PluggableAsset.Communication.Pdu.Raw.RawPduReader
2025/07/03 20:54:55.221 INFO path= class_name=Hakoniwa.PluggableAsset.Communication.Pdu.Raw.RawPduReaderConverter
2025/07/03 20:54:55.221 INFO typeinfo=Hakoniwa.PluggableAsset.Communication.Pdu.Raw.RawPduReaderConverter
2025/07/03 20:54:55.221 INFO load typeinfoHakoniwa.PluggableAsset.Communication.Pdu.Raw.RawPduReaderConverter
2025/07/03 20:54:55.221 INFO activate class_name=Hakoniwa.PluggableAsset.Communication.Pdu.Raw.RawPduReaderConverter
2025/07/03 20:54:55.221 INFO pdu reader name = ButtonB_button_sensorPdu
2025/07/03 20:54:55.224 INFO jsonstring=[
  {
    "method_name": "CameraShmReader0",
    "asset_name": "Camera",
    "channel_id": 0,
    "iosize": 80,
    "is_read": true
  },
  {
    "method_name": "ButtonAShmReader0",
    "asset_name": "ButtonA",
    "channel_id": 0,
    "iosize": 72,
    "is_read": true
  },
  {
    "method_name": "ButtonBShmReader0",
    "asset_name": "ButtonB",
    "channel_id": 0,
    "iosize": 72,
    "is_read": true
  },
  {
    "method_name": "SampleRobotShmWriter0",
    "asset_name": "SampleRobot",
    "channel_id": 0,
    "iosize": 72,
    "is_read": false
  }
]
2025/07/03 20:54:55.225 INFO this.asset_name=UnityAsset
2025/07/03 20:54:55.225 INFO shm_config.asset_name=SampleRobot
2025/07/03 20:54:55.225 INFO channel_id=0
2025/07/03 20:54:55.225 INFO io_size=72
2025/07/03 20:54:55.293 INFO jsonstring=[]
2025/07/03 20:54:55.296 INFO jsonstring=[
  {
    "name": "custom_reader_connector_0",
    "pdu_name": "Camera_pose_dataPdu",
    "method_name": "CameraShmReader0"
  },
  {
    "name": "custom_reader_connector_1",
    "pdu_name": "ButtonA_button_sensorPdu",
    "method_name": "ButtonAShmReader0"
  },
  {
    "name": "custom_reader_connector_2",
    "pdu_name": "ButtonB_button_sensorPdu",
    "method_name": "ButtonBShmReader0"
  }
]
2025/07/03 20:54:55.296 INFO reader connector method_name=CameraShmReader0
2025/07/03 20:54:55.297 INFO reader connector pdu_name=Camera_pose_dataPdu
2025/07/03 20:54:55.297 INFO reader connector method_name=ButtonAShmReader0
2025/07/03 20:54:55.297 INFO reader connector pdu_name=ButtonA_button_sensorPdu
2025/07/03 20:54:55.298 INFO reader connector method_name=ButtonBShmReader0
2025/07/03 20:54:55.298 INFO reader connector pdu_name=ButtonB_button_sensorPdu
2025/07/03 20:54:55.301 INFO jsonstring=[
  {
    "name": "custom_writer_connector_0",
    "pdu_name": "SampleRobot_cmd_velPdu",
    "method_name": "SampleRobotShmWriter0"
  }
]
2025/07/03 20:54:55.304 INFO jsonstring=[
  {
    "outside_asset_name": "None",
    "reader_connector_name": "custom_reader_connector_0",
    "writer_connector_name": null
  },
  {
    "outside_asset_name": "None",
    "reader_connector_name": "custom_reader_connector_1",
    "writer_connector_name": null
  },
  {
    "outside_asset_name": "None",
    "reader_connector_name": "custom_reader_connector_2",
    "writer_connector_name": null
  },
  {
    "outside_asset_name": "None",
    "reader_connector_name": null,
    "writer_connector_name": "custom_writer_connector_0"
  }
]
2025/07/03 20:54:55.304 WARN not found writer: 
2025/07/03 20:54:55.305 INFO PduChannelConnector :
2025/07/03 20:54:55.305 WARN not found writer: 
2025/07/03 20:54:55.305 INFO PduChannelConnector :
2025/07/03 20:54:55.305 WARN not found writer: 
2025/07/03 20:54:55.305 INFO PduChannelConnector :
2025/07/03 20:54:55.305 WARN not found writer: 
2025/07/03 20:54:55.305 INFO PduChannelConnector :custom_writer_connector_0
2025/07/03 20:54:55.308 INFO jsonstring=[
  {
    "name": "Camera",
    "pdu_writer_names": [],
    "pdu_reader_names": [
      "Camera_pose_dataPdu"
    ],
    "core_class_name": null
  },
  {
    "name": "ButtonA",
    "pdu_writer_names": [],
    "pdu_reader_names": [
      "ButtonA_button_sensorPdu"
    ],
    "core_class_name": null
  },
  {
    "name": "ButtonB",
    "pdu_writer_names": [],
    "pdu_reader_names": [
      "ButtonB_button_sensorPdu"
    ],
    "core_class_name": null
  },
  {
    "name": "SampleRobot",
    "pdu_writer_names": [
      "SampleRobot_cmd_velPdu"
    ],
    "pdu_reader_names": [],
    "core_class_name": null
  }
]
2025/07/03 20:54:55.309 DEBUG Camera pdu io connect add reader:Camera_pose_dataPdu
2025/07/03 20:54:55.309 DEBUG ButtonA pdu io connect add reader:ButtonA_button_sensorPdu
2025/07/03 20:54:55.309 DEBUG ButtonB pdu io connect add reader:ButtonB_button_sensorPdu
2025/07/03 20:54:55.309 DEBUG SampleRobot :pdu io connect add writer:SampleRobot_cmd_velPdu
2025/07/03 20:54:55.309 DEBUG PduIoConnector AddWriter: SampleRobot_cmd_velPdu
2025/07/03 20:54:55.316 INFO ParseAll() package_dirs=./ros_types/offset
2025/07/03 20:54:55.316 INFO package_name=builtin_interfaces
2025/07/03 20:54:55.316 INFO tmp_dir=./ros_types/offset/builtin_interfaces
2025/07/03 20:54:55.316 INFO filepaths.Length=1
2025/07/03 20:54:55.317 INFO Parse filepath=./ros_types/offset/builtin_interfaces/Time.offset
2025/07/03 20:54:55.318 INFO PduOffset line=single:primitive:sec:int32:0:4
2025/07/03 20:54:55.318 INFO PduOffset line=single:primitive:nanosec:uint32:4:4
2025/07/03 20:54:55.318 INFO PduOffset key=builtin_interfaces/Time
2025/07/03 20:54:55.319 INFO package_name=can_msgs
2025/07/03 20:54:55.319 INFO tmp_dir=./ros_types/offset/can_msgs
2025/07/03 20:54:55.319 INFO filepaths.Length=3
2025/07/03 20:54:55.319 INFO Parse filepath=./ros_types/offset/can_msgs/HakoCan.offset
2025/07/03 20:54:55.319 INFO PduOffset line=single:struct:head:HakoCanHead:0:20
2025/07/03 20:54:55.319 INFO PduOffset line=single:struct:body:HakoCanBody:20:8
2025/07/03 20:54:55.319 INFO PduOffset key=can_msgs/HakoCan
2025/07/03 20:54:55.319 INFO Parse filepath=./ros_types/offset/can_msgs/HakoCanBody.offset
2025/07/03 20:54:55.319 INFO PduOffset line=array:primitive:data:uint8:0:8:8
2025/07/03 20:54:55.319 INFO PduOffset key=can_msgs/HakoCanBody
2025/07/03 20:54:55.319 INFO Parse filepath=./ros_types/offset/can_msgs/HakoCanHead.offset
2025/07/03 20:54:55.320 INFO PduOffset line=single:primitive:channel:uint32:0:4
2025/07/03 20:54:55.320 INFO PduOffset line=single:primitive:ide:uint32:4:4
2025/07/03 20:54:55.320 INFO PduOffset line=single:primitive:rtr:uint32:8:4
2025/07/03 20:54:55.320 INFO PduOffset line=single:primitive:dlc:uint32:12:4
2025/07/03 20:54:55.320 INFO PduOffset line=single:primitive:canid:uint32:16:4
2025/07/03 20:54:55.320 INFO PduOffset key=can_msgs/HakoCanHead
2025/07/03 20:54:55.320 INFO package_name=ev3_msgs
2025/07/03 20:54:55.320 INFO tmp_dir=./ros_types/offset/ev3_msgs
2025/07/03 20:54:55.320 INFO filepaths.Length=7
2025/07/03 20:54:55.320 INFO Parse filepath=./ros_types/offset/ev3_msgs/Ev3PduActuator.offset
2025/07/03 20:54:55.320 INFO PduOffset line=single:struct:head:Ev3PduActuatorHeader:0:152
2025/07/03 20:54:55.320 INFO PduOffset line=array:primitive:leds:uint8:152:1:1
2025/07/03 20:54:55.320 INFO PduOffset line=array:struct:motors:Ev3PduMotor:156:36:3
2025/07/03 20:54:55.320 INFO PduOffset line=single:primitive:gyro_reset:uint32:192:4
2025/07/03 20:54:55.320 INFO PduOffset key=ev3_msgs/Ev3PduActuator
2025/07/03 20:54:55.320 INFO Parse filepath=./ros_types/offset/ev3_msgs/Ev3PduActuatorHeader.offset
2025/07/03 20:54:55.321 INFO PduOffset line=single:primitive:name:string:0:128
2025/07/03 20:54:55.321 INFO PduOffset line=single:primitive:version:uint32:128:4
2025/07/03 20:54:55.321 INFO PduOffset line=single:primitive:asset_time:int64:136:8
2025/07/03 20:54:55.321 INFO PduOffset line=single:primitive:ext_off:uint32:144:4
2025/07/03 20:54:55.321 INFO PduOffset line=single:primitive:ext_size:uint32:148:4
2025/07/03 20:54:55.321 INFO PduOffset key=ev3_msgs/Ev3PduActuatorHeader
2025/07/03 20:54:55.321 INFO Parse filepath=./ros_types/offset/ev3_msgs/Ev3PduColorSensor.offset
2025/07/03 20:54:55.321 INFO PduOffset line=single:primitive:color:uint32:0:4
2025/07/03 20:54:55.321 INFO PduOffset line=single:primitive:reflect:uint32:4:4
2025/07/03 20:54:55.321 INFO PduOffset line=single:primitive:rgb_r:uint32:8:4
2025/07/03 20:54:55.321 INFO PduOffset line=single:primitive:rgb_g:uint32:12:4
2025/07/03 20:54:55.321 INFO PduOffset line=single:primitive:rgb_b:uint32:16:4
2025/07/03 20:54:55.321 INFO PduOffset key=ev3_msgs/Ev3PduColorSensor
2025/07/03 20:54:55.321 INFO Parse filepath=./ros_types/offset/ev3_msgs/Ev3PduMotor.offset
2025/07/03 20:54:55.321 INFO PduOffset line=single:primitive:power:int32:0:4
2025/07/03 20:54:55.321 INFO PduOffset line=single:primitive:stop:uint32:4:4
2025/07/03 20:54:55.321 INFO PduOffset line=single:primitive:reset_angle:uint32:8:4
2025/07/03 20:54:55.321 INFO PduOffset key=ev3_msgs/Ev3PduMotor
2025/07/03 20:54:55.321 INFO Parse filepath=./ros_types/offset/ev3_msgs/Ev3PduSensor.offset
2025/07/03 20:54:55.322 INFO PduOffset line=single:struct:head:Ev3PduSensorHeader:0:152
2025/07/03 20:54:55.322 INFO PduOffset line=array:primitive:buttons:uint8:152:1:1
2025/07/03 20:54:55.322 INFO PduOffset line=array:struct:color_sensors:Ev3PduColorSensor:156:40:2
2025/07/03 20:54:55.322 INFO PduOffset line=array:struct:touch_sensors:Ev3PduTouchSensor:196:8:2
2025/07/03 20:54:55.322 INFO PduOffset line=array:primitive:motor_angle:uint32:204:12:3
2025/07/03 20:54:55.322 INFO PduOffset line=single:primitive:gyro_degree:int32:216:4
2025/07/03 20:54:55.322 INFO PduOffset line=single:primitive:gyro_degree_rate:int32:220:4
2025/07/03 20:54:55.322 INFO PduOffset line=single:primitive:sensor_ultrasonic:uint32:224:4
2025/07/03 20:54:55.322 INFO PduOffset line=single:primitive:gps_lat:float64:232:8
2025/07/03 20:54:55.322 INFO PduOffset line=single:primitive:gps_lon:float64:240:8
2025/07/03 20:54:55.322 INFO PduOffset key=ev3_msgs/Ev3PduSensor
2025/07/03 20:54:55.322 INFO Parse filepath=./ros_types/offset/ev3_msgs/Ev3PduSensorHeader.offset
2025/07/03 20:54:55.322 INFO PduOffset line=single:primitive:name:string:0:128
2025/07/03 20:54:55.322 INFO PduOffset line=single:primitive:version:uint32:128:4
2025/07/03 20:54:55.322 INFO PduOffset line=single:primitive:hakoniwa_time:int64:136:8
2025/07/03 20:54:55.322 INFO PduOffset line=single:primitive:ext_off:uint32:144:4
2025/07/03 20:54:55.322 INFO PduOffset line=single:primitive:ext_size:uint32:148:4
2025/07/03 20:54:55.322 INFO PduOffset key=ev3_msgs/Ev3PduSensorHeader
2025/07/03 20:54:55.322 INFO Parse filepath=./ros_types/offset/ev3_msgs/Ev3PduTouchSensor.offset
2025/07/03 20:54:55.322 INFO PduOffset line=single:primitive:value:uint32:0:4
2025/07/03 20:54:55.322 INFO PduOffset key=ev3_msgs/Ev3PduTouchSensor
2025/07/03 20:54:55.322 INFO package_name=geometry_msgs
2025/07/03 20:54:55.323 INFO tmp_dir=./ros_types/offset/geometry_msgs
2025/07/03 20:54:55.323 INFO filepaths.Length=9
2025/07/03 20:54:55.323 INFO Parse filepath=./ros_types/offset/geometry_msgs/Point.offset
2025/07/03 20:54:55.323 INFO PduOffset line=single:primitive:x:float64:0:8
2025/07/03 20:54:55.323 INFO PduOffset line=single:primitive:y:float64:8:8
2025/07/03 20:54:55.323 INFO PduOffset line=single:primitive:z:float64:16:8
2025/07/03 20:54:55.323 INFO PduOffset key=geometry_msgs/Point
2025/07/03 20:54:55.323 INFO Parse filepath=./ros_types/offset/geometry_msgs/Pose.offset
2025/07/03 20:54:55.323 INFO PduOffset line=single:struct:position:Point:0:24
2025/07/03 20:54:55.323 INFO PduOffset line=single:struct:orientation:Quaternion:24:32
2025/07/03 20:54:55.323 INFO PduOffset key=geometry_msgs/Pose
2025/07/03 20:54:55.323 INFO Parse filepath=./ros_types/offset/geometry_msgs/PoseWithCovariance.offset
2025/07/03 20:54:55.324 INFO PduOffset line=single:struct:pose:Pose:0:56
2025/07/03 20:54:55.324 INFO PduOffset line=array:primitive:covariance:float64:56:288:36
2025/07/03 20:54:55.324 INFO PduOffset key=geometry_msgs/PoseWithCovariance
2025/07/03 20:54:55.324 INFO Parse filepath=./ros_types/offset/geometry_msgs/Quaternion.offset
2025/07/03 20:54:55.324 INFO PduOffset line=single:primitive:x:float64:0:8
2025/07/03 20:54:55.324 INFO PduOffset line=single:primitive:y:float64:8:8
2025/07/03 20:54:55.324 INFO PduOffset line=single:primitive:z:float64:16:8
2025/07/03 20:54:55.324 INFO PduOffset line=single:primitive:w:float64:24:8
2025/07/03 20:54:55.324 INFO PduOffset key=geometry_msgs/Quaternion
2025/07/03 20:54:55.324 INFO Parse filepath=./ros_types/offset/geometry_msgs/Transform.offset
2025/07/03 20:54:55.324 INFO PduOffset line=single:struct:translation:Vector3:0:24
2025/07/03 20:54:55.324 INFO PduOffset line=single:struct:rotation:Quaternion:24:32
2025/07/03 20:54:55.324 INFO PduOffset key=geometry_msgs/Transform
2025/07/03 20:54:55.324 INFO Parse filepath=./ros_types/offset/geometry_msgs/TransformStamped.offset
2025/07/03 20:54:55.324 INFO PduOffset line=single:struct:header:std_msgs/Header:0:136
2025/07/03 20:54:55.325 INFO PduOffset line=single:primitive:child_frame_id:string:136:128
2025/07/03 20:54:55.325 INFO PduOffset line=single:struct:transform:Transform:264:56
2025/07/03 20:54:55.325 INFO PduOffset key=geometry_msgs/TransformStamped
2025/07/03 20:54:55.325 INFO Parse filepath=./ros_types/offset/geometry_msgs/Twist.offset
2025/07/03 20:54:55.325 INFO PduOffset line=single:struct:linear:Vector3:0:24
2025/07/03 20:54:55.325 INFO PduOffset line=single:struct:angular:Vector3:24:24
2025/07/03 20:54:55.325 INFO PduOffset key=geometry_msgs/Twist
2025/07/03 20:54:55.325 INFO Parse filepath=./ros_types/offset/geometry_msgs/TwistWithCovariance.offset
2025/07/03 20:54:55.325 INFO PduOffset line=single:struct:twist:Twist:0:48
2025/07/03 20:54:55.325 INFO PduOffset line=array:primitive:covariance:float64:48:288:36
2025/07/03 20:54:55.325 INFO PduOffset key=geometry_msgs/TwistWithCovariance
2025/07/03 20:54:55.325 INFO Parse filepath=./ros_types/offset/geometry_msgs/Vector3.offset
2025/07/03 20:54:55.326 INFO PduOffset line=single:primitive:x:float64:0:8
2025/07/03 20:54:55.326 INFO PduOffset line=single:primitive:y:float64:8:8
2025/07/03 20:54:55.326 INFO PduOffset line=single:primitive:z:float64:16:8
2025/07/03 20:54:55.326 INFO PduOffset key=geometry_msgs/Vector3
2025/07/03 20:54:55.326 INFO package_name=hako_mavlink_msgs
2025/07/03 20:54:55.326 INFO tmp_dir=./ros_types/offset/hako_mavlink_msgs
2025/07/03 20:54:55.326 INFO filepaths.Length=4
2025/07/03 20:54:55.326 INFO Parse filepath=./ros_types/offset/hako_mavlink_msgs/HakoHilActuatorControls.offset
2025/07/03 20:54:55.326 INFO PduOffset line=single:primitive:time_usec:uint64:0:8
2025/07/03 20:54:55.326 INFO PduOffset line=array:primitive:controls:float32:8:64:16
2025/07/03 20:54:55.326 INFO PduOffset line=single:primitive:mode:uint8:72:1
2025/07/03 20:54:55.326 INFO PduOffset line=single:primitive:flags:uint64:80:8
2025/07/03 20:54:55.326 INFO PduOffset key=hako_mavlink_msgs/HakoHilActuatorControls
2025/07/03 20:54:55.326 INFO Parse filepath=./ros_types/offset/hako_mavlink_msgs/HakoHilGps.offset
2025/07/03 20:54:55.326 INFO PduOffset line=single:primitive:time_usec:uint64:0:8
2025/07/03 20:54:55.326 INFO PduOffset line=single:primitive:lat:int32:8:4
2025/07/03 20:54:55.326 INFO PduOffset line=single:primitive:lon:int32:12:4
2025/07/03 20:54:55.326 INFO PduOffset line=single:primitive:alt:int32:16:4
2025/07/03 20:54:55.326 INFO PduOffset line=single:primitive:eph:uint16:20:2
2025/07/03 20:54:55.326 INFO PduOffset line=single:primitive:epv:uint16:22:2
2025/07/03 20:54:55.326 INFO PduOffset line=single:primitive:vel:uint16:24:2
2025/07/03 20:54:55.326 INFO PduOffset line=single:primitive:vn:int16:26:2
2025/07/03 20:54:55.327 INFO PduOffset line=single:primitive:ve:int16:28:2
2025/07/03 20:54:55.327 INFO PduOffset line=single:primitive:vd:int16:30:2
2025/07/03 20:54:55.327 INFO PduOffset line=single:primitive:cog:uint16:32:2
2025/07/03 20:54:55.327 INFO PduOffset line=single:primitive:satellites_visible:uint8:34:1
2025/07/03 20:54:55.327 INFO PduOffset line=single:primitive:id:uint8:35:1
2025/07/03 20:54:55.327 INFO PduOffset line=single:primitive:yaw:uint8:36:1
2025/07/03 20:54:55.327 INFO PduOffset line=single:primitive:fix_type:uint8:37:1
2025/07/03 20:54:55.327 INFO PduOffset key=hako_mavlink_msgs/HakoHilGps
2025/07/03 20:54:55.327 INFO Parse filepath=./ros_types/offset/hako_mavlink_msgs/HakoHilSensor.offset
2025/07/03 20:54:55.327 INFO PduOffset line=single:primitive:time_usec:uint64:0:8
2025/07/03 20:54:55.327 INFO PduOffset line=single:primitive:xacc:float32:8:4
2025/07/03 20:54:55.327 INFO PduOffset line=single:primitive:yacc:float32:12:4
2025/07/03 20:54:55.327 INFO PduOffset line=single:primitive:zacc:float32:16:4
2025/07/03 20:54:55.327 INFO PduOffset line=single:primitive:xgyro:float32:20:4
2025/07/03 20:54:55.327 INFO PduOffset line=single:primitive:ygyro:float32:24:4
2025/07/03 20:54:55.327 INFO PduOffset line=single:primitive:zgyro:float32:28:4
2025/07/03 20:54:55.327 INFO PduOffset line=single:primitive:xmag:float32:32:4
2025/07/03 20:54:55.327 INFO PduOffset line=single:primitive:ymag:float32:36:4
2025/07/03 20:54:55.327 INFO PduOffset line=single:primitive:zmag:float32:40:4
2025/07/03 20:54:55.327 INFO PduOffset line=single:primitive:abs_pressure:float32:44:4
2025/07/03 20:54:55.327 INFO PduOffset line=single:primitive:diff_pressure:float32:48:4
2025/07/03 20:54:55.327 INFO PduOffset line=single:primitive:pressure_alt:float32:52:4
2025/07/03 20:54:55.327 INFO PduOffset line=single:primitive:temperature:float32:56:4
2025/07/03 20:54:55.327 INFO PduOffset line=single:primitive:fields_updated:uint32:60:4
2025/07/03 20:54:55.327 INFO PduOffset line=single:primitive:id:uint8:64:1
2025/07/03 20:54:55.327 INFO PduOffset key=hako_mavlink_msgs/HakoHilSensor
2025/07/03 20:54:55.327 INFO Parse filepath=./ros_types/offset/hako_mavlink_msgs/HakoHilStateQuaternion.offset
2025/07/03 20:54:55.327 INFO PduOffset line=single:primitive:time_usec:uint64:0:8
2025/07/03 20:54:55.327 INFO PduOffset line=array:primitive:attitude_quaternion:float32:8:16:4
2025/07/03 20:54:55.327 INFO PduOffset line=single:primitive:rollspeed:float32:24:4
2025/07/03 20:54:55.327 INFO PduOffset line=single:primitive:pitchspeed:float32:28:4
2025/07/03 20:54:55.327 INFO PduOffset line=single:primitive:yawspeed:float32:32:4
2025/07/03 20:54:55.327 INFO PduOffset line=single:primitive:lat:int32:36:4
2025/07/03 20:54:55.327 INFO PduOffset line=single:primitive:lon:int32:40:4
2025/07/03 20:54:55.328 INFO PduOffset line=single:primitive:alt:int32:44:4
2025/07/03 20:54:55.328 INFO PduOffset line=single:primitive:vx:int16:48:2
2025/07/03 20:54:55.328 INFO PduOffset line=single:primitive:vy:int16:50:2
2025/07/03 20:54:55.328 INFO PduOffset line=single:primitive:vz:int16:52:2
2025/07/03 20:54:55.328 INFO PduOffset line=single:primitive:ind_airspeed:uint16:54:2
2025/07/03 20:54:55.328 INFO PduOffset line=single:primitive:true_airspeed:uint16:56:2
2025/07/03 20:54:55.328 INFO PduOffset line=single:primitive:xacc:int16:58:2
2025/07/03 20:54:55.328 INFO PduOffset line=single:primitive:yacc:int16:60:2
2025/07/03 20:54:55.328 INFO PduOffset line=single:primitive:zacc:int16:62:2
2025/07/03 20:54:55.328 INFO PduOffset key=hako_mavlink_msgs/HakoHilStateQuaternion
2025/07/03 20:54:55.328 INFO package_name=hako_msgs
2025/07/03 20:54:55.328 INFO tmp_dir=./ros_types/offset/hako_msgs
2025/07/03 20:54:55.328 INFO filepaths.Length=20
2025/07/03 20:54:55.328 INFO Parse filepath=./ros_types/offset/hako_msgs/Collision.offset
2025/07/03 20:54:55.329 INFO PduOffset line=single:primitive:collision:bool:0:4
2025/07/03 20:54:55.329 INFO PduOffset line=single:primitive:contact_num:uint32:4:4
2025/07/03 20:54:55.329 INFO PduOffset line=single:struct:relative_velocity:geometry_msgs/Vector3:8:24
2025/07/03 20:54:55.329 INFO PduOffset line=array:struct:contact_position:geometry_msgs/Point:32:240:10
2025/07/03 20:54:55.329 INFO PduOffset line=single:primitive:restitution_coefficient:float64:272:8
2025/07/03 20:54:55.329 INFO PduOffset key=hako_msgs/Collision
2025/07/03 20:54:55.329 INFO Parse filepath=./ros_types/offset/hako_msgs/Disturbance.offset
2025/07/03 20:54:55.329 INFO PduOffset line=single:struct:d_temp:hako_msgs/DisturbanceTemperature:0:8
2025/07/03 20:54:55.329 INFO PduOffset line=single:struct:d_wind:hako_msgs/DisturbanceWind:8:24
2025/07/03 20:54:55.329 INFO PduOffset key=hako_msgs/Disturbance
2025/07/03 20:54:55.329 INFO Parse filepath=./ros_types/offset/hako_msgs/DisturbanceTemperature.offset
2025/07/03 20:54:55.329 INFO PduOffset line=single:primitive:value:float64:0:8
2025/07/03 20:54:55.329 INFO PduOffset key=hako_msgs/DisturbanceTemperature
2025/07/03 20:54:55.329 INFO Parse filepath=./ros_types/offset/hako_msgs/DisturbanceWind.offset
2025/07/03 20:54:55.330 INFO PduOffset line=single:struct:value:geometry_msgs/Vector3:0:24
2025/07/03 20:54:55.330 INFO PduOffset key=hako_msgs/DisturbanceWind
2025/07/03 20:54:55.330 INFO Parse filepath=./ros_types/offset/hako_msgs/GameControllerOperation.offset
2025/07/03 20:54:55.330 INFO PduOffset line=array:primitive:axis:float64:0:48:6
2025/07/03 20:54:55.330 INFO PduOffset line=array:primitive:button:bool:48:60:15
2025/07/03 20:54:55.330 INFO PduOffset key=hako_msgs/GameControllerOperation
2025/07/03 20:54:55.330 INFO Parse filepath=./ros_types/offset/hako_msgs/HakoBatteryStatus.offset
2025/07/03 20:54:55.330 INFO PduOffset line=single:primitive:full_voltage:float64:0:8
2025/07/03 20:54:55.330 INFO PduOffset line=single:primitive:curr_voltage:float64:8:8
2025/07/03 20:54:55.330 INFO PduOffset line=single:primitive:curr_temp:float64:16:8
2025/07/03 20:54:55.330 INFO PduOffset line=single:primitive:status:uint32:24:4
2025/07/03 20:54:55.330 INFO PduOffset line=single:primitive:cycles:uint32:28:4
2025/07/03 20:54:55.330 INFO PduOffset key=hako_msgs/HakoBatteryStatus
2025/07/03 20:54:55.331 INFO Parse filepath=./ros_types/offset/hako_msgs/HakoCameraData.offset
2025/07/03 20:54:55.331 INFO PduOffset line=single:primitive:request_id:int32:0:4
2025/07/03 20:54:55.331 INFO PduOffset line=single:struct:image:sensor_msgs/CompressedImage:4:272
2025/07/03 20:54:55.331 INFO PduOffset key=hako_msgs/HakoCameraData
2025/07/03 20:54:55.331 INFO Parse filepath=./ros_types/offset/hako_msgs/HakoCameraInfo.offset
2025/07/03 20:54:55.331 INFO PduOffset line=single:primitive:request_id:int32:0:4
2025/07/03 20:54:55.331 INFO PduOffset line=single:struct:angle:geometry_msgs/Vector3:8:24
2025/07/03 20:54:55.331 INFO PduOffset key=hako_msgs/HakoCameraInfo
2025/07/03 20:54:55.331 INFO Parse filepath=./ros_types/offset/hako_msgs/HakoCmdCamera.offset
2025/07/03 20:54:55.331 INFO PduOffset line=single:struct:header:HakoCmdHeader:0:12
2025/07/03 20:54:55.331 INFO PduOffset line=single:primitive:request_id:int32:12:4
2025/07/03 20:54:55.331 INFO PduOffset line=single:primitive:encode_type:int32:16:4
2025/07/03 20:54:55.331 INFO PduOffset key=hako_msgs/HakoCmdCamera
2025/07/03 20:54:55.331 INFO Parse filepath=./ros_types/offset/hako_msgs/HakoCmdCameraMove.offset
2025/07/03 20:54:55.332 INFO PduOffset line=single:struct:header:HakoCmdHeader:0:12
2025/07/03 20:54:55.332 INFO PduOffset line=single:primitive:request_id:int32:12:4
2025/07/03 20:54:55.332 INFO PduOffset line=single:struct:angle:geometry_msgs/Vector3:16:24
2025/07/03 20:54:55.332 INFO PduOffset key=hako_msgs/HakoCmdCameraMove
2025/07/03 20:54:55.332 INFO Parse filepath=./ros_types/offset/hako_msgs/HakoCmdHeader.offset
2025/07/03 20:54:55.332 INFO PduOffset line=single:primitive:request:bool:0:4
2025/07/03 20:54:55.332 INFO PduOffset line=single:primitive:result:bool:4:4
2025/07/03 20:54:55.332 INFO PduOffset line=single:primitive:result_code:int32:8:4
2025/07/03 20:54:55.332 INFO PduOffset key=hako_msgs/HakoCmdHeader
2025/07/03 20:54:55.332 INFO Parse filepath=./ros_types/offset/hako_msgs/HakoCmdMagnetHolder.offset
2025/07/03 20:54:55.332 INFO PduOffset line=single:struct:header:HakoCmdHeader:0:12
2025/07/03 20:54:55.332 INFO PduOffset line=single:primitive:magnet_on:bool:12:4
2025/07/03 20:54:55.332 INFO PduOffset key=hako_msgs/HakoCmdMagnetHolder
2025/07/03 20:54:55.332 INFO Parse filepath=./ros_types/offset/hako_msgs/HakoDroneCmdHeader.offset
2025/07/03 20:54:55.333 INFO PduOffset line=single:primitive:request:bool:0:4
2025/07/03 20:54:55.333 INFO PduOffset line=single:primitive:result:bool:4:4
2025/07/03 20:54:55.333 INFO PduOffset line=single:primitive:result_code:int32:8:4
2025/07/03 20:54:55.333 INFO PduOffset key=hako_msgs/HakoDroneCmdHeader
2025/07/03 20:54:55.333 INFO Parse filepath=./ros_types/offset/hako_msgs/HakoDroneCmdLand.offset
2025/07/03 20:54:55.333 INFO PduOffset line=single:struct:header:HakoDroneCmdHeader:0:12
2025/07/03 20:54:55.333 INFO PduOffset line=single:primitive:height:float64:16:8
2025/07/03 20:54:55.333 INFO PduOffset line=single:primitive:speed:float64:24:8
2025/07/03 20:54:55.333 INFO PduOffset line=single:primitive:yaw_deg:float64:32:8
2025/07/03 20:54:55.333 INFO PduOffset key=hako_msgs/HakoDroneCmdLand
2025/07/03 20:54:55.333 INFO Parse filepath=./ros_types/offset/hako_msgs/HakoDroneCmdMove.offset
2025/07/03 20:54:55.333 INFO PduOffset line=single:struct:header:HakoDroneCmdHeader:0:12
2025/07/03 20:54:55.333 INFO PduOffset line=single:primitive:x:float64:16:8
2025/07/03 20:54:55.333 INFO PduOffset line=single:primitive:y:float64:24:8
2025/07/03 20:54:55.333 INFO PduOffset line=single:primitive:z:float64:32:8
2025/07/03 20:54:55.333 INFO PduOffset line=single:primitive:speed:float64:40:8
2025/07/03 20:54:55.333 INFO PduOffset line=single:primitive:yaw_deg:float64:48:8
2025/07/03 20:54:55.333 INFO PduOffset key=hako_msgs/HakoDroneCmdMove
2025/07/03 20:54:55.333 INFO Parse filepath=./ros_types/offset/hako_msgs/HakoDroneCmdTakeoff.offset
2025/07/03 20:54:55.334 INFO PduOffset line=single:struct:header:HakoDroneCmdHeader:0:12
2025/07/03 20:54:55.334 INFO PduOffset line=single:primitive:height:float64:16:8
2025/07/03 20:54:55.334 INFO PduOffset line=single:primitive:speed:float64:24:8
2025/07/03 20:54:55.334 INFO PduOffset line=single:primitive:yaw_deg:float64:32:8
2025/07/03 20:54:55.334 INFO PduOffset key=hako_msgs/HakoDroneCmdTakeoff
2025/07/03 20:54:55.334 INFO Parse filepath=./ros_types/offset/hako_msgs/HakoStatusMagnetHolder.offset
2025/07/03 20:54:55.334 INFO PduOffset line=single:primitive:magnet_on:bool:0:4
2025/07/03 20:54:55.334 INFO PduOffset line=single:primitive:contact_on:bool:4:4
2025/07/03 20:54:55.334 INFO PduOffset key=hako_msgs/HakoStatusMagnetHolder
2025/07/03 20:54:55.334 INFO Parse filepath=./ros_types/offset/hako_msgs/ManualPosAttControl.offset
2025/07/03 20:54:55.334 INFO PduOffset line=single:primitive:do_operation:bool:0:4
2025/07/03 20:54:55.334 INFO PduOffset line=single:struct:posatt:geometry_msgs/Twist:8:48
2025/07/03 20:54:55.334 INFO PduOffset key=hako_msgs/ManualPosAttControl
2025/07/03 20:54:55.334 INFO Parse filepath=./ros_types/offset/hako_msgs/SimpleStructVarray.offset
2025/07/03 20:54:55.335 INFO PduOffset line=single:primitive:aaa:int32:0:4
2025/07/03 20:54:55.335 INFO PduOffset line=array:primitive:fixed_str:string:4:256:2
2025/07/03 20:54:55.335 INFO PduOffset line=varray:primitive:varray_str:string:260:128:8
2025/07/03 20:54:55.335 INFO PduOffset line=array:struct:fixed_array:SimpleVarray:268:120:5
2025/07/03 20:54:55.335 INFO PduOffset line=varray:struct:data:SimpleVarray:388:24:8
2025/07/03 20:54:55.335 INFO PduOffset key=hako_msgs/SimpleStructVarray
2025/07/03 20:54:55.335 INFO Parse filepath=./ros_types/offset/hako_msgs/SimpleVarray.offset
2025/07/03 20:54:55.335 INFO PduOffset line=varray:primitive:data:int8:0:1:8
2025/07/03 20:54:55.335 INFO PduOffset line=array:primitive:fixed_array:int8:8:10:10
2025/07/03 20:54:55.335 INFO PduOffset line=single:primitive:p_mem1:int32:20:4
2025/07/03 20:54:55.335 INFO PduOffset key=hako_msgs/SimpleVarray
2025/07/03 20:54:55.335 INFO package_name=nav_msgs
2025/07/03 20:54:55.335 INFO tmp_dir=./ros_types/offset/nav_msgs
2025/07/03 20:54:55.335 INFO filepaths.Length=1
2025/07/03 20:54:55.335 INFO Parse filepath=./ros_types/offset/nav_msgs/Odometry.offset
2025/07/03 20:54:55.335 INFO PduOffset line=single:struct:header:std_msgs/Header:0:136
2025/07/03 20:54:55.335 INFO PduOffset line=single:primitive:child_frame_id:string:136:128
2025/07/03 20:54:55.335 INFO PduOffset line=single:struct:pose:geometry_msgs/PoseWithCovariance:264:344
2025/07/03 20:54:55.335 INFO PduOffset line=single:struct:twist:geometry_msgs/TwistWithCovariance:608:336
2025/07/03 20:54:55.335 INFO PduOffset key=nav_msgs/Odometry
2025/07/03 20:54:55.335 INFO package_name=pico_msgs
2025/07/03 20:54:55.336 INFO tmp_dir=./ros_types/offset/pico_msgs
2025/07/03 20:54:55.336 INFO filepaths.Length=2
2025/07/03 20:54:55.336 INFO Parse filepath=./ros_types/offset/pico_msgs/LightSensor.offset
2025/07/03 20:54:55.336 INFO PduOffset line=single:primitive:forward_r:int16:0:2
2025/07/03 20:54:55.336 INFO PduOffset line=single:primitive:forward_l:int16:2:2
2025/07/03 20:54:55.336 INFO PduOffset line=single:primitive:left:int16:4:2
2025/07/03 20:54:55.336 INFO PduOffset line=single:primitive:right:int16:6:2
2025/07/03 20:54:55.336 INFO PduOffset key=pico_msgs/LightSensor
2025/07/03 20:54:55.336 INFO Parse filepath=./ros_types/offset/pico_msgs/PicoSensor.offset
2025/07/03 20:54:55.336 INFO PduOffset line=single:primitive:detect_f:bool:0:4
2025/07/03 20:54:55.336 INFO PduOffset line=single:primitive:detect_r:bool:4:4
2025/07/03 20:54:55.336 INFO PduOffset line=single:primitive:detect_l:bool:8:4
2025/07/03 20:54:55.336 INFO PduOffset line=single:primitive:detect_b:bool:12:4
2025/07/03 20:54:55.336 INFO PduOffset key=pico_msgs/PicoSensor
2025/07/03 20:54:55.336 INFO package_name=satelite_msgs
2025/07/03 20:54:55.336 INFO tmp_dir=./ros_types/offset/satelite_msgs
2025/07/03 20:54:55.336 INFO filepaths.Length=1
2025/07/03 20:54:55.336 INFO Parse filepath=./ros_types/offset/satelite_msgs/SateliteImu.offset
2025/07/03 20:54:55.337 INFO PduOffset line=single:struct:acc:geometry_msgs/Vector3:0:24
2025/07/03 20:54:55.337 INFO PduOffset line=single:struct:gyro:geometry_msgs/Vector3:24:24
2025/07/03 20:54:55.337 INFO PduOffset line=single:struct:mag:geometry_msgs/Vector3:48:24
2025/07/03 20:54:55.337 INFO PduOffset key=satelite_msgs/SateliteImu
2025/07/03 20:54:55.337 INFO package_name=sensor_msgs
2025/07/03 20:54:55.337 INFO tmp_dir=./ros_types/offset/sensor_msgs
2025/07/03 20:54:55.337 INFO filepaths.Length=9
2025/07/03 20:54:55.337 INFO Parse filepath=./ros_types/offset/sensor_msgs/CameraInfo.offset
2025/07/03 20:54:55.337 INFO PduOffset line=single:struct:header:std_msgs/Header:0:136
2025/07/03 20:54:55.337 INFO PduOffset line=single:primitive:height:uint32:136:4
2025/07/03 20:54:55.337 INFO PduOffset line=single:primitive:width:uint32:140:4
2025/07/03 20:54:55.337 INFO PduOffset line=single:primitive:distortion_model:string:144:128
2025/07/03 20:54:55.337 INFO PduOffset line=varray:primitive:d:float64:272:8:8
2025/07/03 20:54:55.337 INFO PduOffset line=array:primitive:k:float64:280:72:9
2025/07/03 20:54:55.337 INFO PduOffset line=array:primitive:r:float64:352:72:9
2025/07/03 20:54:55.337 INFO PduOffset line=array:primitive:p:float64:424:96:12
2025/07/03 20:54:55.337 INFO PduOffset line=single:primitive:binning_x:uint32:520:4
2025/07/03 20:54:55.337 INFO PduOffset line=single:primitive:binning_y:uint32:524:4
2025/07/03 20:54:55.337 INFO PduOffset line=single:struct:roi:RegionOfInterest:528:20
2025/07/03 20:54:55.337 INFO PduOffset key=sensor_msgs/CameraInfo
2025/07/03 20:54:55.337 INFO Parse filepath=./ros_types/offset/sensor_msgs/CompressedImage.offset
2025/07/03 20:54:55.337 INFO PduOffset line=single:struct:header:std_msgs/Header:0:136
2025/07/03 20:54:55.338 INFO PduOffset line=single:primitive:format:string:136:128
2025/07/03 20:54:55.338 INFO PduOffset line=varray:primitive:data:uint8:264:1:8
2025/07/03 20:54:55.338 INFO PduOffset key=sensor_msgs/CompressedImage
2025/07/03 20:54:55.338 INFO Parse filepath=./ros_types/offset/sensor_msgs/Image.offset
2025/07/03 20:54:55.338 INFO PduOffset line=single:struct:header:std_msgs/Header:0:136
2025/07/03 20:54:55.338 INFO PduOffset line=single:primitive:height:uint32:136:4
2025/07/03 20:54:55.338 INFO PduOffset line=single:primitive:width:uint32:140:4
2025/07/03 20:54:55.338 INFO PduOffset line=single:primitive:encoding:string:144:128
2025/07/03 20:54:55.338 INFO PduOffset line=single:primitive:is_bigendian:uint8:272:1
2025/07/03 20:54:55.338 INFO PduOffset line=single:primitive:step:uint32:276:4
2025/07/03 20:54:55.338 INFO PduOffset line=varray:primitive:data:uint8:280:1:8
2025/07/03 20:54:55.338 INFO PduOffset key=sensor_msgs/Image
2025/07/03 20:54:55.338 INFO Parse filepath=./ros_types/offset/sensor_msgs/Imu.offset
2025/07/03 20:54:55.338 INFO PduOffset line=single:struct:header:std_msgs/Header:0:136
2025/07/03 20:54:55.338 INFO PduOffset line=single:struct:orientation:geometry_msgs/Quaternion:136:32
2025/07/03 20:54:55.338 INFO PduOffset line=array:primitive:orientation_covariance:float64:168:72:9
2025/07/03 20:54:55.338 INFO PduOffset line=single:struct:angular_velocity:geometry_msgs/Vector3:240:24
2025/07/03 20:54:55.338 INFO PduOffset line=array:primitive:angular_velocity_covariance:float64:264:72:9
2025/07/03 20:54:55.338 INFO PduOffset line=single:struct:linear_acceleration:geometry_msgs/Vector3:336:24
2025/07/03 20:54:55.338 INFO PduOffset line=array:primitive:linear_acceleration_covariance:float64:360:72:9
2025/07/03 20:54:55.338 INFO PduOffset key=sensor_msgs/Imu
2025/07/03 20:54:55.338 INFO Parse filepath=./ros_types/offset/sensor_msgs/JointState.offset
2025/07/03 20:54:55.339 INFO PduOffset line=single:struct:header:std_msgs/Header:0:136
2025/07/03 20:54:55.339 INFO PduOffset line=varray:primitive:name:string:136:128:8
2025/07/03 20:54:55.339 INFO PduOffset line=varray:primitive:position:float64:144:8:8
2025/07/03 20:54:55.339 INFO PduOffset line=varray:primitive:velocity:float64:152:8:8
2025/07/03 20:54:55.339 INFO PduOffset line=varray:primitive:effort:float64:160:8:8
2025/07/03 20:54:55.339 INFO PduOffset key=sensor_msgs/JointState
2025/07/03 20:54:55.339 INFO Parse filepath=./ros_types/offset/sensor_msgs/LaserScan.offset
2025/07/03 20:54:55.339 INFO PduOffset line=single:struct:header:std_msgs/Header:0:136
2025/07/03 20:54:55.339 INFO PduOffset line=single:primitive:angle_min:float32:136:4
2025/07/03 20:54:55.339 INFO PduOffset line=single:primitive:angle_max:float32:140:4
2025/07/03 20:54:55.339 INFO PduOffset line=single:primitive:angle_increment:float32:144:4
2025/07/03 20:54:55.339 INFO PduOffset line=single:primitive:time_increment:float32:148:4
2025/07/03 20:54:55.339 INFO PduOffset line=single:primitive:scan_time:float32:152:4
2025/07/03 20:54:55.339 INFO PduOffset line=single:primitive:range_min:float32:156:4
2025/07/03 20:54:55.339 INFO PduOffset line=single:primitive:range_max:float32:160:4
2025/07/03 20:54:55.339 INFO PduOffset line=varray:primitive:ranges:float32:164:4:8
2025/07/03 20:54:55.339 INFO PduOffset line=varray:primitive:intensities:float32:172:4:8
2025/07/03 20:54:55.339 INFO PduOffset key=sensor_msgs/LaserScan
2025/07/03 20:54:55.339 INFO Parse filepath=./ros_types/offset/sensor_msgs/PointCloud2.offset
2025/07/03 20:54:55.339 INFO PduOffset line=single:struct:header:std_msgs/Header:0:136
2025/07/03 20:54:55.339 INFO PduOffset line=single:primitive:height:uint32:136:4
2025/07/03 20:54:55.339 INFO PduOffset line=single:primitive:width:uint32:140:4
2025/07/03 20:54:55.339 INFO PduOffset line=varray:struct:fields:PointField:144:140:8
2025/07/03 20:54:55.339 INFO PduOffset line=single:primitive:is_bigendian:bool:152:4
2025/07/03 20:54:55.339 INFO PduOffset line=single:primitive:point_step:uint32:156:4
2025/07/03 20:54:55.339 INFO PduOffset line=single:primitive:row_step:uint32:160:4
2025/07/03 20:54:55.339 INFO PduOffset line=varray:primitive:data:uint8:164:1:8
2025/07/03 20:54:55.339 INFO PduOffset line=single:primitive:is_dense:bool:172:4
2025/07/03 20:54:55.339 INFO PduOffset key=sensor_msgs/PointCloud2
2025/07/03 20:54:55.339 INFO Parse filepath=./ros_types/offset/sensor_msgs/PointField.offset
2025/07/03 20:54:55.340 INFO PduOffset line=single:primitive:name:string:0:128
2025/07/03 20:54:55.340 INFO PduOffset line=single:primitive:offset:uint32:128:4
2025/07/03 20:54:55.340 INFO PduOffset line=single:primitive:datatype:uint8:132:1
2025/07/03 20:54:55.340 INFO PduOffset line=single:primitive:count:uint32:136:4
2025/07/03 20:54:55.340 INFO PduOffset key=sensor_msgs/PointField
2025/07/03 20:54:55.340 INFO Parse filepath=./ros_types/offset/sensor_msgs/RegionOfInterest.offset
2025/07/03 20:54:55.340 INFO PduOffset line=single:primitive:x_offset:uint32:0:4
2025/07/03 20:54:55.340 INFO PduOffset line=single:primitive:y_offset:uint32:4:4
2025/07/03 20:54:55.340 INFO PduOffset line=single:primitive:height:uint32:8:4
2025/07/03 20:54:55.340 INFO PduOffset line=single:primitive:width:uint32:12:4
2025/07/03 20:54:55.340 INFO PduOffset line=single:primitive:do_rectify:bool:16:4
2025/07/03 20:54:55.340 INFO PduOffset key=sensor_msgs/RegionOfInterest
2025/07/03 20:54:55.340 INFO package_name=std_msgs
2025/07/03 20:54:55.340 INFO tmp_dir=./ros_types/offset/std_msgs
2025/07/03 20:54:55.340 INFO filepaths.Length=29
2025/07/03 20:54:55.340 INFO Parse filepath=./ros_types/offset/std_msgs/Bool.offset
2025/07/03 20:54:55.341 INFO PduOffset line=single:primitive:data:bool:0:4
2025/07/03 20:54:55.341 INFO PduOffset key=std_msgs/Bool
2025/07/03 20:54:55.341 INFO Parse filepath=./ros_types/offset/std_msgs/Byte.offset
2025/07/03 20:54:55.341 INFO PduOffset line=single:struct:data:byte:0:1
2025/07/03 20:54:55.341 INFO PduOffset key=std_msgs/Byte
2025/07/03 20:54:55.341 INFO Parse filepath=./ros_types/offset/std_msgs/ByteMultiArray.offset
2025/07/03 20:54:55.341 INFO PduOffset line=single:struct:layout:MultiArrayLayout:0:12
2025/07/03 20:54:55.341 INFO PduOffset line=varray:struct:data:byte:12:1:8
2025/07/03 20:54:55.341 INFO PduOffset key=std_msgs/ByteMultiArray
2025/07/03 20:54:55.341 INFO Parse filepath=./ros_types/offset/std_msgs/Char.offset
2025/07/03 20:54:55.341 INFO PduOffset line=single:struct:data:char:0:1
2025/07/03 20:54:55.341 INFO PduOffset key=std_msgs/Char
2025/07/03 20:54:55.341 INFO Parse filepath=./ros_types/offset/std_msgs/ColorRGBA.offset
2025/07/03 20:54:55.342 INFO PduOffset line=single:primitive:r:float32:0:4
2025/07/03 20:54:55.342 INFO PduOffset line=single:primitive:g:float32:4:4
2025/07/03 20:54:55.342 INFO PduOffset line=single:primitive:b:float32:8:4
2025/07/03 20:54:55.342 INFO PduOffset line=single:primitive:a:float32:12:4
2025/07/03 20:54:55.342 INFO PduOffset key=std_msgs/ColorRGBA
2025/07/03 20:54:55.342 INFO Parse filepath=./ros_types/offset/std_msgs/Float32.offset
2025/07/03 20:54:55.342 INFO PduOffset line=single:primitive:data:float32:0:4
2025/07/03 20:54:55.342 INFO PduOffset key=std_msgs/Float32
2025/07/03 20:54:55.342 INFO Parse filepath=./ros_types/offset/std_msgs/Float32MultiArray.offset
2025/07/03 20:54:55.342 INFO PduOffset line=single:struct:layout:MultiArrayLayout:0:12
2025/07/03 20:54:55.342 INFO PduOffset line=varray:primitive:data:float32:12:4:8
2025/07/03 20:54:55.342 INFO PduOffset key=std_msgs/Float32MultiArray
2025/07/03 20:54:55.342 INFO Parse filepath=./ros_types/offset/std_msgs/Float64.offset
2025/07/03 20:54:55.343 INFO PduOffset line=single:primitive:data:float64:0:8
2025/07/03 20:54:55.343 INFO PduOffset key=std_msgs/Float64
2025/07/03 20:54:55.343 INFO Parse filepath=./ros_types/offset/std_msgs/Float64MultiArray.offset
2025/07/03 20:54:55.343 INFO PduOffset line=single:struct:layout:MultiArrayLayout:0:12
2025/07/03 20:54:55.343 INFO PduOffset line=varray:primitive:data:float64:12:8:8
2025/07/03 20:54:55.343 INFO PduOffset key=std_msgs/Float64MultiArray
2025/07/03 20:54:55.343 INFO Parse filepath=./ros_types/offset/std_msgs/Header.offset
2025/07/03 20:54:55.343 INFO PduOffset line=single:struct:stamp:builtin_interfaces/Time:0:8
2025/07/03 20:54:55.343 INFO PduOffset line=single:primitive:frame_id:string:8:128
2025/07/03 20:54:55.343 INFO PduOffset key=std_msgs/Header
2025/07/03 20:54:55.343 INFO Parse filepath=./ros_types/offset/std_msgs/Int16.offset
2025/07/03 20:54:55.343 INFO PduOffset line=single:primitive:data:int16:0:2
2025/07/03 20:54:55.344 INFO PduOffset key=std_msgs/Int16
2025/07/03 20:54:55.344 INFO Parse filepath=./ros_types/offset/std_msgs/Int16MultiArray.offset
2025/07/03 20:54:55.344 INFO PduOffset line=single:struct:layout:MultiArrayLayout:0:12
2025/07/03 20:54:55.344 INFO PduOffset line=varray:primitive:data:int16:12:2:8
2025/07/03 20:54:55.344 INFO PduOffset key=std_msgs/Int16MultiArray
2025/07/03 20:54:55.344 INFO Parse filepath=./ros_types/offset/std_msgs/Int32.offset
2025/07/03 20:54:55.344 INFO PduOffset line=single:primitive:data:int32:0:4
2025/07/03 20:54:55.344 INFO PduOffset key=std_msgs/Int32
2025/07/03 20:54:55.344 INFO Parse filepath=./ros_types/offset/std_msgs/Int32MultiArray.offset
2025/07/03 20:54:55.344 INFO PduOffset line=single:struct:layout:MultiArrayLayout:0:12
2025/07/03 20:54:55.344 INFO PduOffset line=varray:primitive:data:int32:12:4:8
2025/07/03 20:54:55.344 INFO PduOffset key=std_msgs/Int32MultiArray
2025/07/03 20:54:55.344 INFO Parse filepath=./ros_types/offset/std_msgs/Int64.offset
2025/07/03 20:54:55.345 INFO PduOffset line=single:primitive:data:int64:0:8
2025/07/03 20:54:55.345 INFO PduOffset key=std_msgs/Int64
2025/07/03 20:54:55.345 INFO Parse filepath=./ros_types/offset/std_msgs/Int64MultiArray.offset
2025/07/03 20:54:55.345 INFO PduOffset line=single:struct:layout:MultiArrayLayout:0:12
2025/07/03 20:54:55.345 INFO PduOffset line=varray:primitive:data:int64:12:8:8
2025/07/03 20:54:55.345 INFO PduOffset key=std_msgs/Int64MultiArray
2025/07/03 20:54:55.345 INFO Parse filepath=./ros_types/offset/std_msgs/Int8.offset
2025/07/03 20:54:55.345 INFO PduOffset line=single:primitive:data:int8:0:1
2025/07/03 20:54:55.345 INFO PduOffset key=std_msgs/Int8
2025/07/03 20:54:55.345 INFO Parse filepath=./ros_types/offset/std_msgs/Int8MultiArray.offset
2025/07/03 20:54:55.346 INFO PduOffset line=single:struct:layout:MultiArrayLayout:0:12
2025/07/03 20:54:55.346 INFO PduOffset line=varray:primitive:data:int8:12:1:8
2025/07/03 20:54:55.346 INFO PduOffset key=std_msgs/Int8MultiArray
2025/07/03 20:54:55.346 INFO Parse filepath=./ros_types/offset/std_msgs/MultiArrayDimension.offset
2025/07/03 20:54:55.346 INFO PduOffset line=single:primitive:label:string:0:128
2025/07/03 20:54:55.346 INFO PduOffset line=single:primitive:size:uint32:128:4
2025/07/03 20:54:55.346 INFO PduOffset line=single:primitive:stride:uint32:132:4
2025/07/03 20:54:55.346 INFO PduOffset key=std_msgs/MultiArrayDimension
2025/07/03 20:54:55.346 INFO Parse filepath=./ros_types/offset/std_msgs/MultiArrayLayout.offset
2025/07/03 20:54:55.346 INFO PduOffset line=varray:struct:dim:MultiArrayDimension:0:136:8
2025/07/03 20:54:55.346 INFO PduOffset line=single:primitive:data_offset:uint32:8:4
2025/07/03 20:54:55.346 INFO PduOffset key=std_msgs/MultiArrayLayout
2025/07/03 20:54:55.346 INFO Parse filepath=./ros_types/offset/std_msgs/String.offset
2025/07/03 20:54:55.350 INFO PduOffset line=single:primitive:data:string:0:128
2025/07/03 20:54:55.350 INFO PduOffset key=std_msgs/String
2025/07/03 20:54:55.350 INFO Parse filepath=./ros_types/offset/std_msgs/UInt16.offset
2025/07/03 20:54:55.350 INFO PduOffset line=single:primitive:data:uint16:0:2
2025/07/03 20:54:55.350 INFO PduOffset key=std_msgs/UInt16
2025/07/03 20:54:55.350 INFO Parse filepath=./ros_types/offset/std_msgs/UInt16MultiArray.offset
2025/07/03 20:54:55.350 INFO PduOffset line=single:struct:layout:MultiArrayLayout:0:12
2025/07/03 20:54:55.350 INFO PduOffset line=varray:primitive:data:uint16:12:2:8
2025/07/03 20:54:55.350 INFO PduOffset key=std_msgs/UInt16MultiArray
2025/07/03 20:54:55.350 INFO Parse filepath=./ros_types/offset/std_msgs/UInt32.offset
2025/07/03 20:54:55.351 INFO PduOffset line=single:primitive:data:uint32:0:4
2025/07/03 20:54:55.351 INFO PduOffset key=std_msgs/UInt32
2025/07/03 20:54:55.351 INFO Parse filepath=./ros_types/offset/std_msgs/UInt32MultiArray.offset
2025/07/03 20:54:55.351 INFO PduOffset line=single:struct:layout:MultiArrayLayout:0:12
2025/07/03 20:54:55.351 INFO PduOffset line=varray:primitive:data:uint32:12:4:8
2025/07/03 20:54:55.351 INFO PduOffset key=std_msgs/UInt32MultiArray
2025/07/03 20:54:55.351 INFO Parse filepath=./ros_types/offset/std_msgs/UInt64.offset
2025/07/03 20:54:55.351 INFO PduOffset line=single:primitive:data:uint64:0:8
2025/07/03 20:54:55.351 INFO PduOffset key=std_msgs/UInt64
2025/07/03 20:54:55.351 INFO Parse filepath=./ros_types/offset/std_msgs/UInt64MultiArray.offset
2025/07/03 20:54:55.351 INFO PduOffset line=single:struct:layout:MultiArrayLayout:0:12
2025/07/03 20:54:55.351 INFO PduOffset line=varray:primitive:data:uint64:12:8:8
2025/07/03 20:54:55.352 INFO PduOffset key=std_msgs/UInt64MultiArray
2025/07/03 20:54:55.352 INFO Parse filepath=./ros_types/offset/std_msgs/UInt8.offset
2025/07/03 20:54:55.352 INFO PduOffset line=single:primitive:data:uint8:0:1
2025/07/03 20:54:55.352 INFO PduOffset key=std_msgs/UInt8
2025/07/03 20:54:55.352 INFO Parse filepath=./ros_types/offset/std_msgs/UInt8MultiArray.offset
2025/07/03 20:54:55.352 INFO PduOffset line=single:struct:layout:MultiArrayLayout:0:12
2025/07/03 20:54:55.352 INFO PduOffset line=varray:primitive:data:uint8:12:1:8
2025/07/03 20:54:55.352 INFO PduOffset key=std_msgs/UInt8MultiArray
2025/07/03 20:54:55.352 INFO package_name=tf2_msgs
2025/07/03 20:54:55.353 INFO tmp_dir=./ros_types/offset/tf2_msgs
2025/07/03 20:54:55.353 INFO filepaths.Length=1
2025/07/03 20:54:55.353 INFO Parse filepath=./ros_types/offset/tf2_msgs/TFMessage.offset
2025/07/03 20:54:55.353 INFO PduOffset line=varray:struct:transforms:geometry_msgs/TransformStamped:0:320:8
2025/07/03 20:54:55.353 INFO PduOffset key=tf2_msgs/TFMessage
2025/07/03 20:54:55.365 INFO RegisterInsideAsset Success:ButtonA
2025/07/03 20:54:55.365 INFO RegisterInsideAsset Success:ButtonB
2025/07/03 20:54:55.366 INFO RegisterInsideAsset Success:SampleRobot
2025/07/03 20:54:55.366 INFO RegisterInsideAsset Success:Camera
2025/07/03 20:54:57.532 INFO StartCallback
2025/07/03 20:54:57.533 INFO StartCallback result: True
2025/07/03 21:14:18.251 INFO StopCallback
